<?xml version="1.0" encoding="UTF-8"?>
<testsuite name="test.java.services.TicketServiceImplTest" tests="12" skipped="0" failures="0" errors="0" timestamp="2017-11-07T20:22:22" hostname="LAPTOP-7CDTL9J3" time="9.839">
  <properties/>
  <testcase name="testReserveSeatsLargerThanColSize" classname="test.java.services.TicketServiceImplTest" time="0.76"/>
  <testcase name="testNumSeatsAvailableAllAvailable" classname="test.java.services.TicketServiceImplTest" time="0.001"/>
  <testcase name="testReserveSeatsInvalidId" classname="test.java.services.TicketServiceImplTest" time="0.501"/>
  <testcase name="testReserveSeatsAll" classname="test.java.services.TicketServiceImplTest" time="1.008"/>
  <testcase name="testFindAndHoldSeatsAll" classname="test.java.services.TicketServiceImplTest" time="0.762"/>
  <testcase name="testFindAndHoldSeatsSome" classname="test.java.services.TicketServiceImplTest" time="0.502"/>
  <testcase name="testReserveSeats" classname="test.java.services.TicketServiceImplTest" time="0.003"/>
  <testcase name="testReserveSeatsDontExpire" classname="test.java.services.TicketServiceImplTest" time="2.759"/>
  <testcase name="testReserveSeatsInvalidEmail" classname="test.java.services.TicketServiceImplTest" time="0.002"/>
  <testcase name="_testTearDown" classname="test.java.services.TicketServiceImplTest" time="0.0"/>
  <testcase name="testFindAndHoldSeatsExpire" classname="test.java.services.TicketServiceImplTest" time="2.508"/>
  <testcase name="testFindAndHoldSeatsMaxedOut" classname="test.java.services.TicketServiceImplTest" time="1.029"/>
  <system-out><![CDATA[]]></system-out>
  <system-err><![CDATA[]]></system-err>
</testsuite>
