<?xml version="1.0" encoding="UTF-8"?>
<testsuite name="test.java.services.TicketServiceImplTest" tests="1" skipped="0" failures="0" errors="0" timestamp="2017-11-06T17:01:28" hostname="LAPTOP-7CDTL9J3" time="0.004">
  <properties/>
  <testcase name="testNumSeatsAvailable" classname="test.java.services.TicketServiceImplTest" time="0.004"/>
  <system-out><![CDATA[]]></system-out>
  <system-err><![CDATA[]]></system-err>
</testsuite>
