<?xml version="1.0" encoding="UTF-8"?>
<testsuite name="test.java.ui.view.MainPaneViewTest" tests="1" skipped="0" failures="0" errors="0" timestamp="2017-11-09T05:25:12" hostname="LAPTOP-7CDTL9J3" time="0.256">
  <properties/>
  <testcase name="test" classname="test.java.ui.view.MainPaneViewTest" time="0.256"/>
  <system-out><![CDATA[]]></system-out>
  <system-err><![CDATA[]]></system-err>
</testsuite>
