<?xml version="1.0" encoding="UTF-8"?>
<testsuite name="test.java.ui.util.GridPaneUtilTest" tests="2" skipped="0" failures="0" errors="0" timestamp="2017-11-09T05:25:12" hostname="LAPTOP-7CDTL9J3" time="0.098">
  <properties/>
  <testcase name="testAddColumnAndRowConstraints" classname="test.java.ui.util.GridPaneUtilTest" time="0.098"/>
  <testcase name="testAddColumnAndRowConstraintsNull" classname="test.java.ui.util.GridPaneUtilTest" time="0.0"/>
  <system-out><![CDATA[]]></system-out>
  <system-err><![CDATA[]]></system-err>
</testsuite>
